<?xml version="1.0" encoding="UTF-8"?>
<!-- Generated by org.testng.reporters.JUnitReportReporter -->
<testsuite hostname="LTIN268132" failures="0" tests="6" name="testCases.TC_003_GiftCard" time="67.843" errors="0" timestamp="2024-03-12T16:12:24 IST" skipped="0">
  <testcase classname="testCases.TC_003_GiftCard" name="displayGiftPage" time="42.943"/>
  <system-out/>
  <testcase classname="testCases.TC_003_GiftCard" name="clickBirthday" time="2.145"/>
  <system-out/>
  <testcase classname="testCases.TC_003_GiftCard" name="enterAmount_Date" time="6.114"/>
  <system-out/>
  <testcase classname="testCases.TC_003_GiftCard" name="enterDetails" time="6.654"/>
  <system-out/>
  <testcase classname="testCases.TC_003_GiftCard" name="verifyValidEmail" time="2.862"/>
  <system-out/>
  <testcase classname="testCases.TC_003_GiftCard" name="verifyValidEmail_2" time="7.125"/>
  <system-out/>
</testsuite> <!-- testCases.TC_003_GiftCard -->
