<?xml version="1.0" encoding="UTF-8"?>
<!-- Generated by org.testng.reporters.JUnitReportReporter -->
<testsuite hostname="LTIN268132" failures="0" tests="7" name="testCases.TC_002_SelectItems" time="64.802" errors="0" timestamp="2024-03-01T09:40:02 IST" skipped="0">
  <testcase classname="testCases.TC_002_SelectItems" name="selectCategory" time="1.914"/>
  <system-out/>
  <testcase classname="testCases.TC_002_SelectItems" name="select_price" time="7.365"/>
  <system-out/>
  <testcase classname="testCases.TC_002_SelectItems" name="clickStorageButton" time="2.321"/>
  <system-out/>
  <testcase classname="testCases.TC_002_SelectItems" name="select_filter" time="0.435"/>
  <system-out/>
  <testcase classname="testCases.TC_002_SelectItems" name="print_data" time="18.184"/>
  <system-out/>
  <testcase classname="testCases.TC_002_SelectItems" name="displayNavBar_items" time="8.241"/>
  <system-out/>
  <testcase classname="testCases.TC_002_SelectItems" name="printNavBar_items" time="26.342"/>
  <system-out/>
</testsuite> <!-- testCases.TC_002_SelectItems -->
