<?xml version="1.0" encoding="UTF-8"?>
<!-- Generated by org.testng.reporters.JUnitReportReporter -->
<testsuite hostname="LTIN268132" failures="0" tests="2" name="testCases.TC_001_SearchBookshelves" time="4.538" errors="0" timestamp="2024-03-12T16:12:24 IST" skipped="0">
  <testcase classname="testCases.TC_001_SearchBookshelves" name="search" time="0.369"/>
  <system-out/>
  <testcase classname="testCases.TC_001_SearchBookshelves" name="titleValidation" time="4.169"/>
  <system-out/>
</testsuite> <!-- testCases.TC_001_SearchBookshelves -->
