<?xml version="1.0" encoding="UTF-8"?>
<!-- Generated by org.testng.reporters.JUnitReportReporter -->
<testsuite hostname="LTIN268132" failures="0" tests="2" name="testCases.TC_001_SearchBookshelves" time="7.034" errors="0" timestamp="2024-03-01T09:40:02 IST" skipped="0">
  <testcase classname="testCases.TC_001_SearchBookshelves" name="search" time="1.412"/>
  <system-out/>
  <testcase classname="testCases.TC_001_SearchBookshelves" name="titleValidation" time="5.622"/>
  <system-out/>
</testsuite> <!-- testCases.TC_001_SearchBookshelves -->
