<?xml version="1.0" encoding="UTF-8"?>
<!-- Generated by org.testng.reporters.JUnitReportReporter -->
<testsuite hostname="LTIN268132" failures="0" tests="6" name="testCases.TC_003_GiftCard" time="56.414" errors="0" timestamp="2024-03-01T09:40:02 IST" skipped="0">
  <testcase classname="testCases.TC_003_GiftCard" name="displayGiftPage" time="35.682"/>
  <system-out/>
  <testcase classname="testCases.TC_003_GiftCard" name="clickBirthday" time="2.123"/>
  <system-out/>
  <testcase classname="testCases.TC_003_GiftCard" name="enterAmount_Date" time="5.672"/>
  <system-out/>
  <testcase classname="testCases.TC_003_GiftCard" name="enterDetails" time="3.985"/>
  <system-out/>
  <testcase classname="testCases.TC_003_GiftCard" name="verifyValidEmail" time="1.952"/>
  <system-out/>
  <testcase classname="testCases.TC_003_GiftCard" name="verifyValidEmail_2" time="7.000"/>
  <system-out/>
</testsuite> <!-- testCases.TC_003_GiftCard -->
